<?xml version="1.0" encoding="UTF-8"?>
<testsuite xmlns:xsi="http://www.w3.org/2001/XMLSchema-instance" xsi:noNamespaceSchemaLocation="https://maven.apache.org/surefire/maven-surefire-plugin/xsd/surefire-test-report.xsd" name="com.taotao.AppTest" time="0.047" tests="1" errors="0" skipped="0" failures="0">
  <properties>
    <property name="sun.desktop" value="windows"/>
    <property name="awt.toolkit" value="sun.awt.windows.WToolkit"/>
    <property name="file.encoding.pkg" value="sun.io"/>
    <property name="java.specification.version" value="1.8"/>
    <property name="sun.cpu.isalist" value="amd64"/>
    <property name="sun.jnu.encoding" value="GBK"/>
    <property name="java.class.path" value="F:\IdeaProjects\taotao\taotao-manager\taotao-manager-pojo\target\test-classes;F:\IdeaProjects\taotao\taotao-manager\taotao-manager-pojo\target\classes;C:\Users\MyPC\.m2\repository\junit\junit\4.11\junit-4.11.jar;C:\Users\MyPC\.m2\repository\org\hamcrest\hamcrest-core\1.3\hamcrest-core-1.3.jar;C:\Users\MyPC\.m2\repository\io\netty\netty\3.6.10.Final\netty-3.6.10.Final.jar;C:\Users\MyPC\.m2\repository\com\fasterxml\jackson\core\jackson-core\2.4.2\jackson-core-2.4.2.jar;C:\Users\MyPC\.m2\repository\com\fasterxml\jackson\core\jackson-databind\2.4.2\jackson-databind-2.4.2.jar;C:\Users\MyPC\.m2\repository\com\fasterxml\jackson\core\jackson-annotations\2.4.0\jackson-annotations-2.4.0.jar;"/>
    <property name="java.vm.vendor" value="Oracle Corporation"/>
    <property name="sun.arch.data.model" value="64"/>
    <property name="user.variant" value=""/>
    <property name="java.vendor.url" value="http://java.oracle.com/"/>
    <property name="user.timezone" value="Asia/Shanghai"/>
    <property name="java.vm.specification.version" value="1.8"/>
    <property name="os.name" value="Windows 10"/>
    <property name="user.country" value="CN"/>
    <property name="sun.java.launcher" value="SUN_STANDARD"/>
    <property name="sun.boot.library.path" value="I:\JDK\jre\bin"/>
    <property name="sun.java.command" value="C:\Users\MyPC\AppData\Local\Temp\surefire6942033877524228808\surefirebooter6364814247952105141.jar C:\Users\MyPC\AppData\Local\Temp\surefire6942033877524228808 2019-12-14T23-45-20_809-jvmRun1 surefire3247038860990646139tmp surefire_09054201085893644041tmp"/>
    <property name="surefire.test.class.path" value="F:\IdeaProjects\taotao\taotao-manager\taotao-manager-pojo\target\test-classes;F:\IdeaProjects\taotao\taotao-manager\taotao-manager-pojo\target\classes;C:\Users\MyPC\.m2\repository\junit\junit\4.11\junit-4.11.jar;C:\Users\MyPC\.m2\repository\org\hamcrest\hamcrest-core\1.3\hamcrest-core-1.3.jar;C:\Users\MyPC\.m2\repository\io\netty\netty\3.6.10.Final\netty-3.6.10.Final.jar;C:\Users\MyPC\.m2\repository\com\fasterxml\jackson\core\jackson-core\2.4.2\jackson-core-2.4.2.jar;C:\Users\MyPC\.m2\repository\com\fasterxml\jackson\core\jackson-databind\2.4.2\jackson-databind-2.4.2.jar;C:\Users\MyPC\.m2\repository\com\fasterxml\jackson\core\jackson-annotations\2.4.0\jackson-annotations-2.4.0.jar;"/>
    <property name="sun.cpu.endian" value="little"/>
    <property name="user.home" value="C:\Users\MyPC"/>
    <property name="user.language" value="zh"/>
    <property name="java.specification.vendor" value="Oracle Corporation"/>
    <property name="java.home" value="I:\JDK\jre"/>
    <property name="basedir" value="F:\IdeaProjects\taotao\taotao-manager\taotao-manager-pojo"/>
    <property name="file.separator" value="\"/>
    <property name="line.separator" value="&#10;"/>
    <property name="java.vm.specification.vendor" value="Oracle Corporation"/>
    <property name="java.specification.name" value="Java Platform API Specification"/>
    <property name="java.awt.graphicsenv" value="sun.awt.Win32GraphicsEnvironment"/>
    <property name="surefire.real.class.path" value="C:\Users\MyPC\AppData\Local\Temp\surefire6942033877524228808\surefirebooter6364814247952105141.jar"/>
    <property name="sun.boot.class.path" value="I:\JDK\jre\lib\resources.jar;I:\JDK\jre\lib\rt.jar;I:\JDK\jre\lib\sunrsasign.jar;I:\JDK\jre\lib\jsse.jar;I:\JDK\jre\lib\jce.jar;I:\JDK\jre\lib\charsets.jar;I:\JDK\jre\lib\jfr.jar;I:\JDK\jre\classes"/>
    <property name="user.script" value=""/>
    <property name="sun.management.compiler" value="HotSpot 64-Bit Tiered Compilers"/>
    <property name="java.runtime.version" value="1.8.0_131-b11"/>
    <property name="user.name" value="MyPC"/>
    <property name="path.separator" value=";"/>
    <property name="os.version" value="10.0"/>
    <property name="java.endorsed.dirs" value="I:\JDK\jre\lib\endorsed"/>
    <property name="java.runtime.name" value="Java(TM) SE Runtime Environment"/>
    <property name="file.encoding" value="GBK"/>
    <property name="java.vm.name" value="Java HotSpot(TM) 64-Bit Server VM"/>
    <property name="localRepository" value="C:\Users\MyPC\.m2\repository"/>
    <property name="java.vendor.url.bug" value="http://bugreport.sun.com/bugreport/"/>
    <property name="java.io.tmpdir" value="C:\Users\MyPC\AppData\Local\Temp\"/>
    <property name="idea.version" value="2018.3.5"/>
    <property name="java.version" value="1.8.0_131"/>
    <property name="user.dir" value="F:\IdeaProjects\taotao\taotao-manager\taotao-manager-pojo"/>
    <property name="os.arch" value="amd64"/>
    <property name="java.vm.specification.name" value="Java Virtual Machine Specification"/>
    <property name="java.awt.printerjob" value="sun.awt.windows.WPrinterJob"/>
    <property name="sun.os.patch.level" value=""/>
    <property name="java.library.path" value="I:\JDK\jre\bin;C:\windows\Sun\Java\bin;C:\windows\system32;C:\windows;D:\app\MyPC\product\11.2.0\client_2;G:\xftp\;G:\xshell\;D:\app\MyPC\product\11.2.0\dbhome_1\bin;D:\app\MyPC\product\11.2.0\client_1\bin;I:\JDK\bin;I:\JDK\jre\bin;C:\windows\system32;C:\windows;C:\windows\System32\Wbem;C:\windows\System32\WindowsPowerShell\v1.0\;C:\windows\System32\OpenSSH\;D:\Tomcat\apache-tomcat-7.0.75\bin;D:\Tomcat\apache-tomcat-7.0.75\lib;F:\apache-maven-3.6.1\bin;C:\Program Files\MySQL\MySQL Server 5.6\bin;C:\Users\MyPC\AppData\Local\Microsoft\WindowsApps;;."/>
    <property name="java.vm.info" value="mixed mode"/>
    <property name="java.vendor" value="Oracle Corporation"/>
    <property name="java.vm.version" value="25.131-b11"/>
    <property name="java.ext.dirs" value="I:\JDK\jre\lib\ext;C:\windows\Sun\Java\lib\ext"/>
    <property name="sun.io.unicode.encoding" value="UnicodeLittle"/>
    <property name="java.class.version" value="52.0"/>
  </properties>
  <testcase name="shouldAnswerWithTrue" classname="com.taotao.AppTest" time="0"/>
</testsuite>