<?xml version="1.0" encoding="UTF-8"?>
<testsuite xmlns:xsi="http://www.w3.org/2001/XMLSchema-instance" xsi:noNamespaceSchemaLocation="https://maven.apache.org/surefire/maven-surefire-plugin/xsd/surefire-test-report.xsd" name="com.taotao.AppTest" time="0.094" tests="1" errors="0" skipped="0" failures="0">
  <properties>
    <property name="sun.desktop" value="windows"/>
    <property name="awt.toolkit" value="sun.awt.windows.WToolkit"/>
    <property name="file.encoding.pkg" value="sun.io"/>
    <property name="java.specification.version" value="1.8"/>
    <property name="sun.cpu.isalist" value="amd64"/>
    <property name="sun.jnu.encoding" value="GBK"/>
    <property name="java.class.path" value="F:\IdeaProjects\taotao\taotao-manager\taotao-manager-interface\target\test-classes;F:\IdeaProjects\taotao\taotao-manager\taotao-manager-interface\target\classes;C:\Users\MyPC\.m2\repository\com\taotao\taotao-common\0.0.1-SNAPSHOT\taotao-common-0.0.1-SNAPSHOT.jar;C:\Users\MyPC\.m2\repository\org\csource\fastdfs-client-java\1.27-SNAPSHOT\fastdfs-client-java-1.27-SNAPSHOT.jar;C:\Users\MyPC\.m2\repository\org\apache\activemq\activemq-broker\5.14.5\activemq-broker-5.14.5.jar;C:\Users\MyPC\.m2\repository\org\apache\activemq\activemq-client\5.14.5\activemq-client-5.14.5.jar;C:\Users\MyPC\.m2\repository\org\apache\geronimo\specs\geronimo-jms_1.1_spec\1.1.1\geronimo-jms_1.1_spec-1.1.1.jar;C:\Users\MyPC\.m2\repository\org\fusesource\hawtbuf\hawtbuf\1.11\hawtbuf-1.11.jar;C:\Users\MyPC\.m2\repository\org\apache\geronimo\specs\geronimo-j2ee-management_1.1_spec\1.0.1\geronimo-j2ee-management_1.1_spec-1.0.1.jar;C:\Users\MyPC\.m2\repository\org\apache\activemq\activemq-openwire-legacy\5.14.5\activemq-openwire-legacy-5.14.5.jar;C:\Users\MyPC\.m2\repository\org\apache\activemq\artemis-jms-client\2.3.0\artemis-jms-client-2.3.0.jar;C:\Users\MyPC\.m2\repository\org\apache\activemq\artemis-core-client\2.3.0\artemis-core-client-2.3.0.jar;C:\Users\MyPC\.m2\repository\org\jgroups\jgroups\3.6.13.Final\jgroups-3.6.13.Final.jar;C:\Users\MyPC\.m2\repository\org\apache\activemq\artemis-commons\2.3.0\artemis-commons-2.3.0.jar;C:\Users\MyPC\.m2\repository\org\jboss\logging\jboss-logging\3.3.0.Final\jboss-logging-3.3.0.Final.jar;C:\Users\MyPC\.m2\repository\commons-beanutils\commons-beanutils\1.9.2\commons-beanutils-1.9.2.jar;C:\Users\MyPC\.m2\repository\commons-collections\commons-collections\3.2.1\commons-collections-3.2.1.jar;C:\Users\MyPC\.m2\repository\com\google\guava\guava\19.0\guava-19.0.jar;C:\Users\MyPC\.m2\repository\io\netty\netty-all\4.1.14.Final\netty-all-4.1.14.Final.jar;C:\Users\MyPC\.m2\repository\org\apache\geronimo\specs\geronimo-json_1.0_spec\1.0-alpha-1\geronimo-json_1.0_spec-1.0-alpha-1.jar;C:\Users\MyPC\.m2\repository\org\apache\johnzon\johnzon-core\0.9.5\johnzon-core-0.9.5.jar;C:\Users\MyPC\.m2\repository\org\apache\activemq\artemis-selector\2.3.0\artemis-selector-2.3.0.jar;C:\Users\MyPC\.m2\repository\org\apache\geronimo\specs\geronimo-jms_2.0_spec\1.0-alpha-2\geronimo-jms_2.0_spec-1.0-alpha-2.jar;C:\Users\MyPC\.m2\repository\org\apache\activemq\activemq-pool\5.14.5\activemq-pool-5.14.5.jar;C:\Users\MyPC\.m2\repository\org\slf4j\slf4j-api\1.7.13\slf4j-api-1.7.13.jar;C:\Users\MyPC\.m2\repository\org\apache\activemq\activemq-jms-pool\5.14.5\activemq-jms-pool-5.14.5.jar;C:\Users\MyPC\.m2\repository\org\apache\geronimo\specs\geronimo-jta_1.0.1B_spec\1.0.1\geronimo-jta_1.0.1B_spec-1.0.1.jar;C:\Users\MyPC\.m2\repository\org\apache\commons\commons-pool2\2.4.2\commons-pool2-2.4.2.jar;C:\Users\MyPC\.m2\repository\org\apache\activemq\activemq-spring\5.14.5\activemq-spring-5.14.5.jar;C:\Users\MyPC\.m2\repository\org\apache\xbean\xbean-spring\4.2\xbean-spring-4.2.jar;C:\Users\MyPC\.m2\repository\org\freemarker\freemarker\2.3.23\freemarker-2.3.23.jar;C:\Users\MyPC\.m2\repository\com\taotao\taotao-manager-pojo\0.0.1-SNAPSHOT\taotao-manager-pojo-0.0.1-SNAPSHOT.jar;C:\Users\MyPC\.m2\repository\com\taotao\taotao-manager-dao\0.0.1-SNAPSHOT\taotao-manager-dao-0.0.1-SNAPSHOT.jar;C:\Users\MyPC\.m2\repository\com\github\fenyechaxun\1.0-SNAPSHOT\fenyechaxun-1.0-SNAPSHOT.jar;C:\Users\MyPC\.m2\repository\mysql\mysql-connector-java\5.1.32\mysql-connector-java-5.1.32.jar;C:\Users\MyPC\.m2\repository\org\springframework\spring-context\4.2.6.RELEASE\spring-context-4.2.6.RELEASE.jar;C:\Users\MyPC\.m2\repository\org\springframework\spring-aop\4.2.6.RELEASE\spring-aop-4.2.6.RELEASE.jar;C:\Users\MyPC\.m2\repository\aopalliance\aopalliance\1.0\aopalliance-1.0.jar;C:\Users\MyPC\.m2\repository\org\springframework\spring-core\4.2.6.RELEASE\spring-core-4.2.6.RELEASE.jar;C:\Users\MyPC\.m2\repository\commons-logging\commons-logging\1.2\commons-logging-1.2.jar;C:\Users\MyPC\.m2\repository\org\springframework\spring-expression\4.2.6.RELEASE\spring-expression-4.2.6.RELEASE.jar;C:\Users\MyPC\.m2\repository\org\springframework\spring-beans\4.2.6.RELEASE\spring-beans-4.2.6.RELEASE.jar;C:\Users\MyPC\.m2\repository\org\springframework\spring-webmvc\4.2.6.RELEASE\spring-webmvc-4.2.6.RELEASE.jar;C:\Users\MyPC\.m2\repository\org\springframework\spring-web\4.2.6.RELEASE\spring-web-4.2.6.RELEASE.jar;C:\Users\MyPC\.m2\repository\org\springframework\spring-jdbc\4.2.6.RELEASE\spring-jdbc-4.2.6.RELEASE.jar;C:\Users\MyPC\.m2\repository\org\springframework\spring-tx\4.2.6.RELEASE\spring-tx-4.2.6.RELEASE.jar;C:\Users\MyPC\.m2\repository\org\springframework\spring-aspects\4.2.6.RELEASE\spring-aspects-4.2.6.RELEASE.jar;C:\Users\MyPC\.m2\repository\org\aspectj\aspectjweaver\1.8.9\aspectjweaver-1.8.9.jar;C:\Users\MyPC\.m2\repository\org\springframework\spring-jms\4.2.6.RELEASE\spring-jms-4.2.6.RELEASE.jar;C:\Users\MyPC\.m2\repository\org\springframework\spring-messaging\4.2.6.RELEASE\spring-messaging-4.2.6.RELEASE.jar;C:\Users\MyPC\.m2\repository\org\springframework\spring-context-support\4.2.6.RELEASE\spring-context-support-4.2.6.RELEASE.jar;C:\Users\MyPC\.m2\repository\com\github\pagehelper\pagehelper\4.0.0\pagehelper-4.0.0.jar;C:\Users\MyPC\.m2\repository\com\github\jsqlparser\jsqlparser\1.1\jsqlparser-1.1.jar;C:\Users\MyPC\.m2\repository\junit\junit\4.11\junit-4.11.jar;C:\Users\MyPC\.m2\repository\org\hamcrest\hamcrest-core\1.3\hamcrest-core-1.3.jar;C:\Users\MyPC\.m2\repository\io\netty\netty\3.6.10.Final\netty-3.6.10.Final.jar;C:\Users\MyPC\.m2\repository\com\fasterxml\jackson\core\jackson-core\2.4.2\jackson-core-2.4.2.jar;C:\Users\MyPC\.m2\repository\com\fasterxml\jackson\core\jackson-databind\2.4.2\jackson-databind-2.4.2.jar;C:\Users\MyPC\.m2\repository\com\fasterxml\jackson\core\jackson-annotations\2.4.0\jackson-annotations-2.4.0.jar;"/>
    <property name="java.vm.vendor" value="Oracle Corporation"/>
    <property name="sun.arch.data.model" value="64"/>
    <property name="user.variant" value=""/>
    <property name="java.vendor.url" value="http://java.oracle.com/"/>
    <property name="user.timezone" value="Asia/Shanghai"/>
    <property name="java.vm.specification.version" value="1.8"/>
    <property name="os.name" value="Windows 10"/>
    <property name="user.country" value="CN"/>
    <property name="sun.java.launcher" value="SUN_STANDARD"/>
    <property name="sun.boot.library.path" value="I:\JDK\jre\bin"/>
    <property name="sun.java.command" value="C:\Users\MyPC\AppData\Local\Temp\surefire8749524427243246158\surefirebooter1677301637840737373.jar C:\Users\MyPC\AppData\Local\Temp\surefire8749524427243246158 2019-12-14T23-45-08_507-jvmRun1 surefire128664611237258695tmp surefire_07258541255520695317tmp"/>
    <property name="surefire.test.class.path" value="F:\IdeaProjects\taotao\taotao-manager\taotao-manager-interface\target\test-classes;F:\IdeaProjects\taotao\taotao-manager\taotao-manager-interface\target\classes;C:\Users\MyPC\.m2\repository\com\taotao\taotao-common\0.0.1-SNAPSHOT\taotao-common-0.0.1-SNAPSHOT.jar;C:\Users\MyPC\.m2\repository\org\csource\fastdfs-client-java\1.27-SNAPSHOT\fastdfs-client-java-1.27-SNAPSHOT.jar;C:\Users\MyPC\.m2\repository\org\apache\activemq\activemq-broker\5.14.5\activemq-broker-5.14.5.jar;C:\Users\MyPC\.m2\repository\org\apache\activemq\activemq-client\5.14.5\activemq-client-5.14.5.jar;C:\Users\MyPC\.m2\repository\org\apache\geronimo\specs\geronimo-jms_1.1_spec\1.1.1\geronimo-jms_1.1_spec-1.1.1.jar;C:\Users\MyPC\.m2\repository\org\fusesource\hawtbuf\hawtbuf\1.11\hawtbuf-1.11.jar;C:\Users\MyPC\.m2\repository\org\apache\geronimo\specs\geronimo-j2ee-management_1.1_spec\1.0.1\geronimo-j2ee-management_1.1_spec-1.0.1.jar;C:\Users\MyPC\.m2\repository\org\apache\activemq\activemq-openwire-legacy\5.14.5\activemq-openwire-legacy-5.14.5.jar;C:\Users\MyPC\.m2\repository\org\apache\activemq\artemis-jms-client\2.3.0\artemis-jms-client-2.3.0.jar;C:\Users\MyPC\.m2\repository\org\apache\activemq\artemis-core-client\2.3.0\artemis-core-client-2.3.0.jar;C:\Users\MyPC\.m2\repository\org\jgroups\jgroups\3.6.13.Final\jgroups-3.6.13.Final.jar;C:\Users\MyPC\.m2\repository\org\apache\activemq\artemis-commons\2.3.0\artemis-commons-2.3.0.jar;C:\Users\MyPC\.m2\repository\org\jboss\logging\jboss-logging\3.3.0.Final\jboss-logging-3.3.0.Final.jar;C:\Users\MyPC\.m2\repository\commons-beanutils\commons-beanutils\1.9.2\commons-beanutils-1.9.2.jar;C:\Users\MyPC\.m2\repository\commons-collections\commons-collections\3.2.1\commons-collections-3.2.1.jar;C:\Users\MyPC\.m2\repository\com\google\guava\guava\19.0\guava-19.0.jar;C:\Users\MyPC\.m2\repository\io\netty\netty-all\4.1.14.Final\netty-all-4.1.14.Final.jar;C:\Users\MyPC\.m2\repository\org\apache\geronimo\specs\geronimo-json_1.0_spec\1.0-alpha-1\geronimo-json_1.0_spec-1.0-alpha-1.jar;C:\Users\MyPC\.m2\repository\org\apache\johnzon\johnzon-core\0.9.5\johnzon-core-0.9.5.jar;C:\Users\MyPC\.m2\repository\org\apache\activemq\artemis-selector\2.3.0\artemis-selector-2.3.0.jar;C:\Users\MyPC\.m2\repository\org\apache\geronimo\specs\geronimo-jms_2.0_spec\1.0-alpha-2\geronimo-jms_2.0_spec-1.0-alpha-2.jar;C:\Users\MyPC\.m2\repository\org\apache\activemq\activemq-pool\5.14.5\activemq-pool-5.14.5.jar;C:\Users\MyPC\.m2\repository\org\slf4j\slf4j-api\1.7.13\slf4j-api-1.7.13.jar;C:\Users\MyPC\.m2\repository\org\apache\activemq\activemq-jms-pool\5.14.5\activemq-jms-pool-5.14.5.jar;C:\Users\MyPC\.m2\repository\org\apache\geronimo\specs\geronimo-jta_1.0.1B_spec\1.0.1\geronimo-jta_1.0.1B_spec-1.0.1.jar;C:\Users\MyPC\.m2\repository\org\apache\commons\commons-pool2\2.4.2\commons-pool2-2.4.2.jar;C:\Users\MyPC\.m2\repository\org\apache\activemq\activemq-spring\5.14.5\activemq-spring-5.14.5.jar;C:\Users\MyPC\.m2\repository\org\apache\xbean\xbean-spring\4.2\xbean-spring-4.2.jar;C:\Users\MyPC\.m2\repository\org\freemarker\freemarker\2.3.23\freemarker-2.3.23.jar;C:\Users\MyPC\.m2\repository\com\taotao\taotao-manager-pojo\0.0.1-SNAPSHOT\taotao-manager-pojo-0.0.1-SNAPSHOT.jar;C:\Users\MyPC\.m2\repository\com\taotao\taotao-manager-dao\0.0.1-SNAPSHOT\taotao-manager-dao-0.0.1-SNAPSHOT.jar;C:\Users\MyPC\.m2\repository\com\github\fenyechaxun\1.0-SNAPSHOT\fenyechaxun-1.0-SNAPSHOT.jar;C:\Users\MyPC\.m2\repository\mysql\mysql-connector-java\5.1.32\mysql-connector-java-5.1.32.jar;C:\Users\MyPC\.m2\repository\org\springframework\spring-context\4.2.6.RELEASE\spring-context-4.2.6.RELEASE.jar;C:\Users\MyPC\.m2\repository\org\springframework\spring-aop\4.2.6.RELEASE\spring-aop-4.2.6.RELEASE.jar;C:\Users\MyPC\.m2\repository\aopalliance\aopalliance\1.0\aopalliance-1.0.jar;C:\Users\MyPC\.m2\repository\org\springframework\spring-core\4.2.6.RELEASE\spring-core-4.2.6.RELEASE.jar;C:\Users\MyPC\.m2\repository\commons-logging\commons-logging\1.2\commons-logging-1.2.jar;C:\Users\MyPC\.m2\repository\org\springframework\spring-expression\4.2.6.RELEASE\spring-expression-4.2.6.RELEASE.jar;C:\Users\MyPC\.m2\repository\org\springframework\spring-beans\4.2.6.RELEASE\spring-beans-4.2.6.RELEASE.jar;C:\Users\MyPC\.m2\repository\org\springframework\spring-webmvc\4.2.6.RELEASE\spring-webmvc-4.2.6.RELEASE.jar;C:\Users\MyPC\.m2\repository\org\springframework\spring-web\4.2.6.RELEASE\spring-web-4.2.6.RELEASE.jar;C:\Users\MyPC\.m2\repository\org\springframework\spring-jdbc\4.2.6.RELEASE\spring-jdbc-4.2.6.RELEASE.jar;C:\Users\MyPC\.m2\repository\org\springframework\spring-tx\4.2.6.RELEASE\spring-tx-4.2.6.RELEASE.jar;C:\Users\MyPC\.m2\repository\org\springframework\spring-aspects\4.2.6.RELEASE\spring-aspects-4.2.6.RELEASE.jar;C:\Users\MyPC\.m2\repository\org\aspectj\aspectjweaver\1.8.9\aspectjweaver-1.8.9.jar;C:\Users\MyPC\.m2\repository\org\springframework\spring-jms\4.2.6.RELEASE\spring-jms-4.2.6.RELEASE.jar;C:\Users\MyPC\.m2\repository\org\springframework\spring-messaging\4.2.6.RELEASE\spring-messaging-4.2.6.RELEASE.jar;C:\Users\MyPC\.m2\repository\org\springframework\spring-context-support\4.2.6.RELEASE\spring-context-support-4.2.6.RELEASE.jar;C:\Users\MyPC\.m2\repository\com\github\pagehelper\pagehelper\4.0.0\pagehelper-4.0.0.jar;C:\Users\MyPC\.m2\repository\com\github\jsqlparser\jsqlparser\1.1\jsqlparser-1.1.jar;C:\Users\MyPC\.m2\repository\junit\junit\4.11\junit-4.11.jar;C:\Users\MyPC\.m2\repository\org\hamcrest\hamcrest-core\1.3\hamcrest-core-1.3.jar;C:\Users\MyPC\.m2\repository\io\netty\netty\3.6.10.Final\netty-3.6.10.Final.jar;C:\Users\MyPC\.m2\repository\com\fasterxml\jackson\core\jackson-core\2.4.2\jackson-core-2.4.2.jar;C:\Users\MyPC\.m2\repository\com\fasterxml\jackson\core\jackson-databind\2.4.2\jackson-databind-2.4.2.jar;C:\Users\MyPC\.m2\repository\com\fasterxml\jackson\core\jackson-annotations\2.4.0\jackson-annotations-2.4.0.jar;"/>
    <property name="sun.cpu.endian" value="little"/>
    <property name="user.home" value="C:\Users\MyPC"/>
    <property name="user.language" value="zh"/>
    <property name="java.specification.vendor" value="Oracle Corporation"/>
    <property name="java.home" value="I:\JDK\jre"/>
    <property name="basedir" value="F:\IdeaProjects\taotao\taotao-manager\taotao-manager-interface"/>
    <property name="file.separator" value="\"/>
    <property name="line.separator" value="&#10;"/>
    <property name="java.vm.specification.vendor" value="Oracle Corporation"/>
    <property name="java.specification.name" value="Java Platform API Specification"/>
    <property name="java.awt.graphicsenv" value="sun.awt.Win32GraphicsEnvironment"/>
    <property name="surefire.real.class.path" value="C:\Users\MyPC\AppData\Local\Temp\surefire8749524427243246158\surefirebooter1677301637840737373.jar"/>
    <property name="sun.boot.class.path" value="I:\JDK\jre\lib\resources.jar;I:\JDK\jre\lib\rt.jar;I:\JDK\jre\lib\sunrsasign.jar;I:\JDK\jre\lib\jsse.jar;I:\JDK\jre\lib\jce.jar;I:\JDK\jre\lib\charsets.jar;I:\JDK\jre\lib\jfr.jar;I:\JDK\jre\classes"/>
    <property name="user.script" value=""/>
    <property name="sun.management.compiler" value="HotSpot 64-Bit Tiered Compilers"/>
    <property name="java.runtime.version" value="1.8.0_131-b11"/>
    <property name="user.name" value="MyPC"/>
    <property name="path.separator" value=";"/>
    <property name="os.version" value="10.0"/>
    <property name="java.endorsed.dirs" value="I:\JDK\jre\lib\endorsed"/>
    <property name="java.runtime.name" value="Java(TM) SE Runtime Environment"/>
    <property name="file.encoding" value="GBK"/>
    <property name="java.vm.name" value="Java HotSpot(TM) 64-Bit Server VM"/>
    <property name="localRepository" value="C:\Users\MyPC\.m2\repository"/>
    <property name="java.vendor.url.bug" value="http://bugreport.sun.com/bugreport/"/>
    <property name="java.io.tmpdir" value="C:\Users\MyPC\AppData\Local\Temp\"/>
    <property name="idea.version" value="2018.3.5"/>
    <property name="java.version" value="1.8.0_131"/>
    <property name="user.dir" value="F:\IdeaProjects\taotao\taotao-manager\taotao-manager-interface"/>
    <property name="os.arch" value="amd64"/>
    <property name="java.vm.specification.name" value="Java Virtual Machine Specification"/>
    <property name="java.awt.printerjob" value="sun.awt.windows.WPrinterJob"/>
    <property name="sun.os.patch.level" value=""/>
    <property name="java.library.path" value="I:\JDK\jre\bin;C:\windows\Sun\Java\bin;C:\windows\system32;C:\windows;D:\app\MyPC\product\11.2.0\client_2;G:\xftp\;G:\xshell\;D:\app\MyPC\product\11.2.0\dbhome_1\bin;D:\app\MyPC\product\11.2.0\client_1\bin;I:\JDK\bin;I:\JDK\jre\bin;C:\windows\system32;C:\windows;C:\windows\System32\Wbem;C:\windows\System32\WindowsPowerShell\v1.0\;C:\windows\System32\OpenSSH\;D:\Tomcat\apache-tomcat-7.0.75\bin;D:\Tomcat\apache-tomcat-7.0.75\lib;F:\apache-maven-3.6.1\bin;C:\Program Files\MySQL\MySQL Server 5.6\bin;C:\Users\MyPC\AppData\Local\Microsoft\WindowsApps;;."/>
    <property name="java.vm.info" value="mixed mode"/>
    <property name="java.vendor" value="Oracle Corporation"/>
    <property name="java.vm.version" value="25.131-b11"/>
    <property name="java.ext.dirs" value="I:\JDK\jre\lib\ext;C:\windows\Sun\Java\lib\ext"/>
    <property name="sun.io.unicode.encoding" value="UnicodeLittle"/>
    <property name="java.class.version" value="52.0"/>
  </properties>
  <testcase name="shouldAnswerWithTrue" classname="com.taotao.AppTest" time="0"/>
</testsuite>